Flow report for simple_nios_lab
Mon Jan 21 14:41:52 2019
Quartus Prime Version 18.0.0 Build 614 04/24/2018 SJ Lite Edition


---------------------
; Table of Contents ;
---------------------
  1. Legal Notice
  2. Flow Summary
  3. Flow Settings
  4. Flow Non-Default Global Settings
  5. Flow Elapsed Time
  6. Flow OS Summary
  7. Flow Log
  8. Flow Messages
  9. Flow Suppressed Messages



----------------
; Legal Notice ;
----------------
Copyright (C) 2018  Intel Corporation. All rights reserved.
Your use of Intel Corporation's design tools, logic functions 
and other software and tools, and its AMPP partner logic 
functions, and any output files from any of the foregoing 
(including device programming or simulation files), and any 
associated documentation or information are expressly subject 
to the terms and conditions of the Intel Program License 
Subscription Agreement, the Intel Quartus Prime License Agreement,
the Intel FPGA IP License Agreement, or other applicable license
agreement, including, without limitation, that your use is for
the sole purpose of programming logic devices manufactured by
Intel and sold by Intel or its authorized distributors.  Please
refer to the applicable agreement for further details.



+----------------------------------------------------------------------------------+
; Flow Summary                                                                     ;
+------------------------------------+---------------------------------------------+
; Flow Status                        ; Successful - Mon Jan 21 14:41:44 2019       ;
; Quartus Prime Version              ; 18.0.0 Build 614 04/24/2018 SJ Lite Edition ;
; Revision Name                      ; simple_nios_lab                             ;
; Top-level Entity Name              ; simple_nios_lab                             ;
; Family                             ; MAX 10                                      ;
; Device                             ; 10M08SAU169C8G                              ;
; Timing Models                      ; Final                                       ;
; Total logic elements               ; 1,720 / 8,064 ( 21 % )                      ;
;     Total combinational functions  ; 1,586 / 8,064 ( 20 % )                      ;
;     Dedicated logic registers      ; 947 / 8,064 ( 12 % )                        ;
; Total registers                    ; 947                                         ;
; Total pins                         ; 10 / 130 ( 8 % )                            ;
; Total virtual pins                 ; 0                                           ;
; Total memory bits                  ; 76,800 / 387,072 ( 20 % )                   ;
; Embedded Multiplier 9-bit elements ; 0 / 48 ( 0 % )                              ;
; Total PLLs                         ; 1 / 1 ( 100 % )                             ;
; UFM blocks                         ; 0 / 1 ( 0 % )                               ;
; ADC blocks                         ; 0 / 1 ( 0 % )                               ;
+------------------------------------+---------------------------------------------+


+-----------------------------------------+
; Flow Settings                           ;
+-------------------+---------------------+
; Option            ; Setting             ;
+-------------------+---------------------+
; Start date & time ; 01/21/2019 14:40:19 ;
; Main task         ; Compilation         ;
; Revision Name     ; simple_nios_lab     ;
+-------------------+---------------------+


+----------------------------------------------------------------------------------------------------------------------------------------------------+
; Flow Non-Default Global Settings                                                                                                                   ;
+-------------------------------------+-------------------------------------------------------------------+---------------+-------------+------------+
; Assignment Name                     ; Value                                                             ; Default Value ; Entity Name ; Section Id ;
+-------------------------------------+-------------------------------------------------------------------+---------------+-------------+------------+
; COMPILER_SIGNATURE_ID               ; 106611680782897.154807801906872                                   ; --            ; --          ; --         ;
; FLOW_ENABLE_POWER_ANALYZER          ; On                                                                ; Off           ; --          ; --         ;
; MAX_CORE_JUNCTION_TEMP              ; 85                                                                ; --            ; --          ; --         ;
; MIN_CORE_JUNCTION_TEMP              ; 0                                                                 ; --            ; --          ; --         ;
; MISC_FILE                           ; simple_nios_lab/synthesis/../simple_nios_lab.cmp                  ; --            ; --          ; --         ;
; MISC_FILE                           ; simple_nios_lab/synthesis/../../simple_nios_lab.qsys              ; --            ; --          ; --         ;
; OUTPUT_IO_TIMING_FAR_END_VMEAS      ; Half Signal Swing                                                 ; --            ; --          ; --         ;
; OUTPUT_IO_TIMING_FAR_END_VMEAS      ; Half Signal Swing                                                 ; --            ; --          ; --         ;
; OUTPUT_IO_TIMING_NEAR_END_VMEAS     ; Half Vccio                                                        ; --            ; --          ; --         ;
; OUTPUT_IO_TIMING_NEAR_END_VMEAS     ; Half Vccio                                                        ; --            ; --          ; --         ;
; PARTITION_COLOR                     ; -- (Not supported for targeted family)                            ; --            ; --          ; Top        ;
; PARTITION_FITTER_PRESERVATION_LEVEL ; -- (Not supported for targeted family)                            ; --            ; --          ; Top        ;
; PARTITION_NETLIST_TYPE              ; -- (Not supported for targeted family)                            ; --            ; --          ; Top        ;
; POWER_BOARD_THERMAL_MODEL           ; None (CONSERVATIVE)                                               ; --            ; --          ; --         ;
; POWER_DEFAULT_INPUT_IO_TOGGLE_RATE  ; 12.5 %                                                            ; 12.5%         ; --          ; --         ;
; POWER_PRESET_COOLING_SOLUTION       ; 23 MM HEAT SINK WITH 200 LFPM AIRFLOW                             ; --            ; --          ; --         ;
; PROJECT_OUTPUT_DIRECTORY            ; output_files                                                      ; --            ; --          ; --         ;
; SLD_FILE                            ; simple_nios_lab/synthesis/simple_nios_lab.regmap                  ; --            ; --          ; --         ;
; SLD_FILE                            ; simple_nios_lab/synthesis/simple_nios_lab.debuginfo               ; --            ; --          ; --         ;
; SLD_INFO                            ; QSYS_NAME simple_nios_lab HAS_SOPCINFO 1 GENERATION_ID 1548077890 ; --            ; --          ; --         ;
; SOPCINFO_FILE                       ; simple_nios_lab/synthesis/../../simple_nios_lab.sopcinfo          ; --            ; --          ; --         ;
; SYNTHESIS_ONLY_QIP                  ; On                                                                ; --            ; --          ; --         ;
+-------------------------------------+-------------------------------------------------------------------+---------------+-------------+------------+


+--------------------------------------------------------------------------------------------------------------------------+
; Flow Elapsed Time                                                                                                        ;
+----------------------+--------------+-------------------------+---------------------+------------------------------------+
; Module Name          ; Elapsed Time ; Average Processors Used ; Peak Virtual Memory ; Total CPU Time (on all processors) ;
+----------------------+--------------+-------------------------+---------------------+------------------------------------+
; Analysis & Synthesis ; 00:00:50     ; 1.0                     ; 828 MB              ; 00:01:19                           ;
; Fitter               ; 00:00:16     ; 1.3                     ; 1550 MB             ; 00:00:18                           ;
; Assembler            ; 00:00:03     ; 1.0                     ; 609 MB              ; 00:00:02                           ;
; Power Analyzer       ; 00:00:07     ; 1.5                     ; 771 MB              ; 00:00:07                           ;
; Timing Analyzer      ; 00:00:07     ; 1.6                     ; 738 MB              ; 00:00:07                           ;
; Total                ; 00:01:23     ; --                      ; --                  ; 00:01:53                           ;
+----------------------+--------------+-------------------------+---------------------+------------------------------------+


+------------------------------------------------------------------------------------+
; Flow OS Summary                                                                    ;
+----------------------+------------------+------------+------------+----------------+
; Module Name          ; Machine Hostname ; OS Name    ; OS Version ; Processor type ;
+----------------------+------------------+------------+------------+----------------+
; Analysis & Synthesis ; HUL00159         ; Windows 10 ; 10.0       ; x86_64         ;
; Fitter               ; HUL00159         ; Windows 10 ; 10.0       ; x86_64         ;
; Assembler            ; HUL00159         ; Windows 10 ; 10.0       ; x86_64         ;
; Power Analyzer       ; HUL00159         ; Windows 10 ; 10.0       ; x86_64         ;
; Timing Analyzer      ; HUL00159         ; Windows 10 ; 10.0       ; x86_64         ;
+----------------------+------------------+------------+------------+----------------+


------------
; Flow Log ;
------------
quartus_map --read_settings_files=on --write_settings_files=off simple_nios_lab -c simple_nios_lab
quartus_fit --read_settings_files=off --write_settings_files=off simple_nios_lab -c simple_nios_lab
quartus_asm --read_settings_files=off --write_settings_files=off simple_nios_lab -c simple_nios_lab
quartus_pow --read_settings_files=off --write_settings_files=off simple_nios_lab -c simple_nios_lab
quartus_sta simple_nios_lab -c simple_nios_lab



